#
# There is insufficient memory for the Java Runtime Environment to continue.
# Native memory allocation (malloc) failed to allocate 32744 bytes for ChunkPool::allocate
# Possible reasons:
#   The system is out of physical RAM or swap space
#   In 32 bit mode, the process size limit was hit
# Possible solutions:
#   Reduce memory load on the system
#   Increase physical memory or swap space
#   Check if swap backing store is full
#   Use 64 bit Java on a 64 bit OS
#   Decrease Java heap size (-Xmx/-Xms)
#   Decrease number of Java threads
#   Decrease Java thread stack sizes (-Xss)
#   Set larger code cache with -XX:ReservedCodeCacheSize=
# This output file may be truncated or incomplete.
#
#  Out of Memory Error (allocation.cpp:273), pid=22772, tid=21520
#
# JRE version: Java(TM) SE Runtime Environment (8.0_45-b15) (build 1.8.0_45-b15)
# Java VM: Java HotSpot(TM) 64-Bit Server VM (25.45-b02 mixed mode windows-amd64 compressed oops)
# Failed to write core dump. Minidumps are not enabled by default on client versions of Windows
#

---------------  T H R E A D  ---------------

Current thread (0x0000000007721800):  JavaThread "C2 CompilerThread0" daemon [_thread_in_native, id=21520, stack(0x0000000008ee0000,0x0000000008fe0000)]

Stack: [0x0000000008ee0000,0x0000000008fe0000]
[error occurred during error reporting (printing stack bounds), id 0xc0000005]

Native frames: (J=compiled Java code, j=interpreted, Vv=VM code, C=native code)
V  [jvm.dll+0x32b57a]
V  [jvm.dll+0x279873]
V  [jvm.dll+0x27a509]
V  [jvm.dll+0x2934e6]
V  [jvm.dll+0x297e0c]
V  [jvm.dll+0x5ca86f]
C  [msvcr100.dll+0x712e3]
V  [jvm.dll+0x5c9f6d]
C  [ntdll.dll+0x29d2d]
C  [ntdll.dll+0x191cf]
C  [ntdll.dll+0x51248]
V  [jvm.dll+0x21bcd1]


Current CompileTask:
C2:   1118 1043       4       com.android.dx.ssa.SCCP::simulateStmt (481 bytes)


---------------  P R O C E S S  ---------------

Java Threads: ( => current thread )
  0x00000000078ca800 JavaThread "pool-1-thread-4" [_thread_blocked, id=25944, stack(0x0000000009e20000,0x0000000009f20000)]
  0x00000000078c9000 JavaThread "pool-1-thread-3" [_thread_blocked, id=11220, stack(0x0000000009c60000,0x0000000009d60000)]
  0x00000000078cc800 JavaThread "pool-1-thread-2" [_thread_blocked, id=12812, stack(0x0000000009a10000,0x0000000009b10000)]
  0x00000000078b2000 JavaThread "pool-2-thread-1" [_thread_blocked, id=22880, stack(0x0000000009820000,0x0000000009920000)]
  0x000000000789c800 JavaThread "pool-1-thread-1" [_thread_blocked, id=9952, stack(0x00000000096f0000,0x00000000097f0000)]
  0x0000000007799800 JavaThread "Service Thread" daemon [_thread_blocked, id=24572, stack(0x0000000009440000,0x0000000009540000)]
  0x000000000778a800 JavaThread "C1 CompilerThread3" daemon [_thread_in_vm, id=10036, stack(0x0000000009220000,0x0000000009320000)]
  0x0000000007786000 JavaThread "C2 CompilerThread2" daemon [_thread_blocked, id=22904, stack(0x0000000008fe0000,0x00000000090e0000)]
  0x0000000007783000 JavaThread "C2 CompilerThread1" daemon [_thread_in_native, id=16352, stack(0x0000000008680000,0x0000000008780000)]
=>0x0000000007721800 JavaThread "C2 CompilerThread0" daemon [_thread_in_native, id=21520, stack(0x0000000008ee0000,0x0000000008fe0000)]
  0x0000000007720800 JavaThread "Attach Listener" daemon [_thread_blocked, id=24076, stack(0x0000000008890000,0x0000000008990000)]
  0x000000000771f800 JavaThread "Signal Dispatcher" daemon [_thread_blocked, id=26804, stack(0x0000000008cd0000,0x0000000008dd0000)]
  0x0000000006667000 JavaThread "Finalizer" daemon [_thread_blocked, id=27968, stack(0x0000000008b80000,0x0000000008c80000)]
  0x0000000006666800 JavaThread "Reference Handler" daemon [_thread_blocked, id=13104, stack(0x00000000089f0000,0x0000000008af0000)]
  0x00000000024e8000 JavaThread "main" [_thread_blocked, id=1804, stack(0x00000000026d0000,0x00000000027d0000)]

Other Threads:
  0x00000000076d2000 VMThread [stack: 0x0000000008780000,0x0000000008880000] [id=19556]
  0x000000000778f800 WatcherThread [stack: 0x0000000009550000,0x0000000009650000] [id=14824]

VM state:synchronizing (normal execution)

VM Mutex/Monitor currently owned by a thread:  ([mutex/lock_event])
[0x00000000025cd540] Threads_lock - owner thread: 0x00000000076d2000
[0x00000000025cda40] Heap_lock - owner thread: 0x00000000024e8000

Heap:
 PSYoungGen      total 76288K, used 65536K [0x00000000eab00000, 0x00000000f0000000, 0x0000000100000000)
  eden space 65536K, 100% used [0x00000000eab00000,0x00000000eeb00000,0x00000000eeb00000)
  from space 10752K, 0% used [0x00000000ef580000,0x00000000ef580000,0x00000000f0000000)
  to   space 10752K, 0% used [0x00000000eeb00000,0x00000000eeb00000,0x00000000ef580000)
 ParOldGen       total 175104K, used 0K [0x00000000c0000000, 0x00000000cab00000, 0x00000000eab00000)
  object space 175104K, 0% used [0x00000000c0000000,0x00000000c0000000,0x00000000cab00000)
 Metaspace       used 5843K, capacity 6960K, committed 7040K, reserved 1056768K
  class space    used 584K, capacity 616K, committed 640K, reserved 1048576K

Card table byte_map: [0x0000000002b90000,0x0000000002da0000] byte_map_base: 0x0000000002590000

Marking Bits: (ParMarkBitMap*) 0x0000000065104040
 Begin Bits: [0x0000000003a80000, 0x0000000004a80000)
 End Bits:   [0x0000000004a80000, 0x0000000005a80000)

Polling page: 0x0000000000250000

CodeCache: size=245760Kb used=4401Kb max_used=4413Kb free=241358Kb
 bounds [0x000000000f010000, 0x000000000f470000, 0x000000001e010000]
 total_blobs=1411 nmethods=1141 adapters=183
 compilation: enabled

Compilation events (10 events):
Event: 0.999 Thread 0x000000000778a800 nmethod 1120 0x000000000f45a490 code [0x000000000f45a600, 0x000000000f45a950]
Event: 0.999 Thread 0x000000000778a800 1168       3       com.android.dx.dex.file.MemberIdItem::<init> (14 bytes)
Event: 0.999 Thread 0x000000000778a800 nmethod 1168 0x000000000f45aa90 code [0x000000000f45ac20, 0x000000000f45b0c8]
Event: 0.999 Thread 0x000000000778a800 1155       3       com.android.dx.rop.cst.CstFloat::getType (4 bytes)
Event: 0.999 Thread 0x000000000778a800 nmethod 1155 0x000000000f45b310 code [0x000000000f45b460, 0x000000000f45b5b0]
Event: 0.999 Thread 0x000000000778a800 1167       3       java.util.TreeMap$PrivateEntryIterator::<init> (28 bytes)
Event: 1.000 Thread 0x000000000778a800 nmethod 1167 0x000000000f45b650 code [0x000000000f45b7c0, 0x000000000f45b9d0]
Event: 1.000 Thread 0x000000000778a800  929       3       java.lang.Character::forDigit (42 bytes)
Event: 1.000 Thread 0x000000000778a800 nmethod 929 0x000000000f45bad0 code [0x000000000f45bc40, 0x000000000f45bed0]
Event: 1.000 Thread 0x000000000778a800 1156       3       com.android.dx.cf.code.Simulator$SimVisitor::visitNoArgs (2108 bytes)

GC Heap History (0 events):
No events

Deoptimization events (10 events):
Event: 0.669 Thread 0x000000000789c800 Uncommon trap: reason=unstable_if action=reinterpret pc=0x000000000f2411a8 method=java.util.HashMap.getNode(ILjava/lang/Object;)Ljava/util/HashMap$Node; @ 129
Event: 0.812 Thread 0x00000000078cc800 Uncommon trap: reason=bimorphic action=maybe_recompile pc=0x000000000f39a190 method=java.util.HashMap.getNode(ILjava/lang/Object;)Ljava/util/HashMap$Node; @ 126
Event: 0.812 Thread 0x00000000078cc800 Uncommon trap: reason=bimorphic action=maybe_recompile pc=0x000000000f39a190 method=java.util.HashMap.getNode(ILjava/lang/Object;)Ljava/util/HashMap$Node; @ 126
Event: 0.812 Thread 0x00000000078cc800 Uncommon trap: reason=bimorphic action=maybe_recompile pc=0x000000000f39a190 method=java.util.HashMap.getNode(ILjava/lang/Object;)Ljava/util/HashMap$Node; @ 126
Event: 0.813 Thread 0x00000000078cc800 Uncommon trap: reason=bimorphic action=maybe_recompile pc=0x000000000f39a190 method=java.util.HashMap.getNode(ILjava/lang/Object;)Ljava/util/HashMap$Node; @ 126
Event: 0.813 Thread 0x00000000078cc800 Uncommon trap: reason=bimorphic action=maybe_recompile pc=0x000000000f383dd0 method=java.util.HashMap.getNode(ILjava/lang/Object;)Ljava/util/HashMap$Node; @ 126
Event: 0.834 Thread 0x00000000078cc800 Uncommon trap: reason=unstable_if action=reinterpret pc=0x000000000f2387c4 method=com.android.dx.rop.cst.Constant.compareTo(Lcom/android/dx/rop/cst/Constant;)I @ 12
Event: 0.858 Thread 0x000000000789c800 Uncommon trap: reason=unstable_if action=reinterpret pc=0x000000000f324e90 method=com.android.dx.rop.code.RegisterSpecSet.put(Lcom/android/dx/rop/code/RegisterSpec;)V @ 77
Event: 0.912 Thread 0x00000000024e8000 Uncommon trap: reason=null_check action=make_not_entrant pc=0x000000000f27a914 method=com.android.dx.rop.type.Type.equals(Ljava/lang/Object;)Z @ 8
Event: 0.948 Thread 0x00000000024e8000 Uncommon trap: reason=bimorphic action=maybe_recompile pc=0x000000000f3e7734 method=java.util.HashMap.putVal(ILjava/lang/Object;Ljava/lang/Object;ZZ)Ljava/lang/Object; @ 203

Internal exceptions (3 events):
Event: 0.059 Thread 0x00000000024e8000 Exception <a 'java/lang/NoSuchMethodError': Method sun.misc.Unsafe.defineClass(Ljava/lang/String;[BII)Ljava/lang/Class; name or signature does not match> (0x00000000eab12f80) thrown at [C:\re\workspace\8-2-build-windows-amd64-cygwin\jdk8u45\3627\hotspot\sr]	‰Æ?
Event: 0.059 Thread 0x00000000024e8000 Exception <a 'java/lang/NoSuchMethodError': Method sun.misc.Unsafe.prefetchRead(Ljava/lang/Object;J)V name or signature does not match> (0x00000000eab13210) thrown at [C:\re\workspace\8-2-build-windows-amd64-cygwin\jdk8u45\3627\hotspot\src\share\vm\prims\jêﬂW∂|1Ì?
Event: 0.912 Thread 0x00000000024e8000 Implicit null exception at 0x000000000f27a812 to 0x000000000f27a905

Events (10 events):
Event: 0.912 Thread 0x00000000024e8000 DEOPT UNPACKING pc=0x000000000f05582a sp=0x00000000027ce128 mode 2
Event: 0.945 Thread 0x00000000078c9000 DEOPT PACKING pc=0x000000000f339610 sp=0x0000000009d5ef40
Event: 0.945 Thread 0x00000000078c9000 DEOPT UNPACKING pc=0x000000000f05787f sp=0x0000000009d5ed30 mode 0
Event: 0.946 loading class com/android/dx/cf/code/SwitchList
Event: 0.946 loading class com/android/dx/cf/code/SwitchList done
Event: 0.948 Thread 0x00000000024e8000 Uncommon trap: trap_request=0xffffffc6 fr.pc=0x000000000f3e7734
Event: 0.948 Thread 0x00000000024e8000 DEOPT PACKING pc=0x000000000f3e7734 sp=0x00000000027ce450
Event: 0.948 Thread 0x00000000024e8000 DEOPT UNPACKING pc=0x000000000f05582a sp=0x00000000027ce3d8 mode 2
Event: 0.976 Thread 0x000000000789c800 DEOPT PACKING pc=0x000000000f339610 sp=0x00000000097ee590
Event: 0.976 Thread 0x000000000789c800 DEOPT UNPACKING pc=0x000000000f05787f sp=0x00000000097ee370 mode 0


Dynamic libraries:
0x000000013f4a0000 - 0x000000013f4d7000 	D:\ProgramFiles\Java8\jdk1.8.0_45\bin\java.exe
0x00000000776b0000 - 0x0000000077859000 	C:\Windows\SYSTEM32\ntdll.dll
0x0000000077590000 - 0x00000000776af000 	C:\Windows\system32\kernel32.dll
0x000007fefd7f0000 - 0x000007fefd85b000 	C:\Windows\system32\KERNELBASE.dll
0x000007fefdb60000 - 0x000007fefdc3b000 	C:\Windows\system32\ADVAPI32.dll
0x000007fefdcb0000 - 0x000007fefdd4f000 	C:\Windows\system32\msvcrt.dll
0x000007feff210000 - 0x000007feff22f000 	C:\Windows\SYSTEM32\sechost.dll
0x000007feff6b0000 - 0x000007feff7dd000 	C:\Windows\system32\RPCRT4.dll
0x0000000077490000 - 0x000000007758a000 	C:\Windows\system32\USER32.dll
0x000007feff520000 - 0x000007feff587000 	C:\Windows\system32\GDI32.dll
0x000007fefeff0000 - 0x000007fefeffe000 	C:\Windows\system32\LPK.dll
0x000007feff230000 - 0x000007feff2f9000 	C:\Windows\system32\USP10.dll
0x000007fefbf20000 - 0x000007fefc114000 	C:\Windows\WinSxS\amd64_microsoft.windows.common-controls_6595b64144ccf1df_6.0.7601.17514_none_fa396087175ac9ac\COMCTL32.dll
0x000007fefeae0000 - 0x000007fefeb51000 	C:\Windows\system32\SHLWAPI.dll
0x000007fefefc0000 - 0x000007fefefee000 	C:\Windows\system32\IMM32.DLL
0x000007feff5a0000 - 0x000007feff6a9000 	C:\Windows\system32\MSCTF.dll
0x000007fefd4a0000 - 0x000007fefd600000 	c:\progra~1\agnitum\outpos~1\wl_hoo~1.dll
0x000007fefdd50000 - 0x000007fefead8000 	C:\Windows\system32\SHELL32.dll
0x000007fefd3d0000 - 0x000007fefd3ff000 	c:\windows\system32\nvinitx.dll
0x000000000f000000 - 0x000000000f006000 	C:\Program Files\NVIDIA Corporation\CoProcManager\_etoured.dll
0x000007fefa950000 - 0x000007fefa9af000 	C:\Program Files\NVIDIA Corporation\CoProcManager\nvd3d9wrapx.dll
0x000007feff7e0000 - 0x000007feff9b7000 	C:\Windows\system32\SETUPAPI.dll
0x000007fefd7b0000 - 0x000007fefd7e6000 	C:\Windows\system32\CFGMGR32.dll
0x000007fefeee0000 - 0x000007fefefb7000 	C:\Windows\system32\OLEAUT32.dll
0x000007feff000000 - 0x000007feff203000 	C:\Windows\system32\ole32.dll
0x000007fefd6f0000 - 0x000007fefd70a000 	C:\Windows\system32\DEVOBJ.dll
0x000007fefa900000 - 0x000007fefa946000 	C:\Program Files\NVIDIA Corporation\CoProcManager\nvdxgiwrapx.dll
0x000000006ff00000 - 0x000000006ffd2000 	D:\ProgramFiles\Java8\jdk1.8.0_45\jre\bin\msvcr100.dll
0x0000000064900000 - 0x0000000065183000 	D:\ProgramFiles\Java8\jdk1.8.0_45\jre\bin\server\jvm.dll
0x000007fef7690000 - 0x000007fef7699000 	C:\Windows\system32\WSOCK32.dll
0x000007fefdc40000 - 0x000007fefdc8d000 	C:\Windows\system32\WS2_32.dll
0x000007feff590000 - 0x000007feff598000 	C:\Windows\system32\NSI.dll
0x000007fefb140000 - 0x000007fefb17b000 	C:\Windows\system32\WINMM.dll
0x000007fefc750000 - 0x000007fefc75c000 	C:\Windows\system32\VERSION.dll
0x0000000077880000 - 0x0000000077887000 	C:\Windows\system32\PSAPI.DLL
0x00000000707b0000 - 0x00000000707bf000 	D:\ProgramFiles\Java8\jdk1.8.0_45\jre\bin\verify.dll
0x0000000070530000 - 0x0000000070559000 	D:\ProgramFiles\Java8\jdk1.8.0_45\jre\bin\java.dll
0x000000006d910000 - 0x000000006d926000 	D:\ProgramFiles\Java8\jdk1.8.0_45\jre\bin\zip.dll
0x000007fefd600000 - 0x000007fefd60f000 	C:\Windows\system32\profapi.dll
0x000007feea020000 - 0x000007feea145000 	C:\Windows\system32\dbghelp.dll

VM Arguments:
jvm_args: -Djava.awt.headless=true -Xmx1024M -Dfile.encoding=windows-1251 -Duser.country=RU -Duser.language=ru -Duser.variant 
java_command: com.android.dx.command.Main --dex --num-threads=4 --output V:\_PROJECTS\WIUT\University\6BIS 2016-2017\BIS Project\megalosfood\android\app\build\intermediates\pre-dexed\debug\com.facebook.fresco-drawee-1.0.1_01b2124be177dec2ee99857b6a39a99afeed22de.jar V:\_PROJECTS\WIUT\University\6BIS 2016-2017\BIS Project\megalosfood\android\app\build\intermediates\exploded-aar\com.facebook.fresco\drawee\1.0.1\jars\classes.jar
java_class_path (initial): D:\AndroidSDK\adt-bundle-windows-x86_64-20140321\sdk\build-tools\23.0.1\lib\dx.jar
Launcher Type: SUN_STANDARD

Environment Variables:
JAVA_HOME=D:\ProgramFiles\Java8\jdk1.8.0_45
CLASSPATH=V:\_PROJECTS\WIUT\University\6BIS 2016-2017\BIS Project\megalosfood\android\\gradle\wrapper\gradle-wrapper.jar
PATH=D:\ProgramFiles\Python2.7;C:\Users\Bobur\AppData\Roaming\npm\node_modules;D:\Sync\_Development\Links;W:\_Development\Links;W:\_Development\Scripts;C:\ProgramData\Oracle\Java\javapath;C:\Program Files (x86)\Intel\iCLS Client\;C:\Program Files\Intel\iCLS Client\;C:\Program Files (x86)\NVIDIA Corporation\PhysX\Common;C:\Windows\system32;C:\Windows;C:\Windows\System32\Wbem;C:\Windows\System32\WindowsPowerShell\v1.0\;C:\Program Files\Intel\WiFi\bin\;C:\Program Files\Common Files\Intel\WirelessCommon\;C:\Program Files\Intel\Intel(R) Management Engine Components\DAL;C:\Program Files\Intel\Intel(R) Management Engine Components\IPT;C:\Program Files (x86)\Intel\Intel(R) Management Engine Components\DAL;C:\Program Files (x86)\Intel\Intel(R) Management Engine Components\IPT;%USERPROFILE%\.dnx\bin;C:\Program Files\Microsoft DNX\Dnvm\;C:\Program Files (x86)\Common Files\lenovo\easyplussdk\bin;C:\Program Files\Microsoft SQL Server\Client SDK\ODBC\110\Tools\Binn\;C:\Program Files (x86)\Microsoft SQL Server\120\Tools\Binn\;C:\Program Files\Microsoft SQL Server\120\Tools\Binn\;C:\Program Files\Microsoft SQL Server\120\DTS\Binn\;C:\Program Files (x86)\Microsoft SQL Server\110\Tools\Binn\;C:\Program Files\Microsoft SQL Server\110\Tools\Binn\;C:\Program Files\Microsoft SQL Server\110\DTS\Binn\;C:\Program Files (x86)\Microsoft SQL Server\110\Tools\Binn\ManagementStudio\;C:\Program Files (x86)\Microsoft Visual Studio 10.0\Common7\IDE\PrivateAssemblies\;C:\Program Files (x86)\Microsoft SQL Server\110\DTS\Binn\;D:\ProgramFiles\Java8\jdk1.8.0_45\bin;D:\ProgramFiles\Heroku\bin;C:\Program Files (x86)\git\cmd;D:\ProgramFiles\NodeJS\;D:\AndroidSDK\adt-bundle-windows-x86_64-20140321\sdk\platform-tools;C:\Program Files\Intel\WiFi\bin\;C:\Program Files\Common Files\Intel\WirelessCommon\;C:\Users\Bobur\AppData\Roaming\npm
USERNAME=Bobur
OS=Windows_NT
PROCESSOR_IDENTIFIER=Intel64 Family 6 Model 60 Stepping 3, GenuineIntel



---------------  S Y S T E M  ---------------

OS: Windows 7 , 64 bit Build 7601 (6.1.7601.18015)

CPU:total 8 (4 cores per cpu, 2 threads per core) family 6 model 60 stepping 3, cmov, cx8, fxsr, mmx, sse, sse2, sse3, ssse3, sse4.1, sse4.2, popcnt, avx, avx2, aes, clmul, erms, lzcnt, ht, tsc, tscinvbit, bmi1, bmi2

Memory: 4k page, physical 16691568k(3424372k free), swap 17738280k(857652k free)

vm_info: Java HotSpot(TM) 64-Bit Server VM (25.45-b02) for windows-amd64 JRE (1.8.0_45-b15), built on Apr 30 2015 12:40:44 by "java_re" with MS VC++ 10.0 (VS2010)

time: Sat Apr 15 12:20:40 2017
elapsed time: 1 seconds (0d 0h 0m 1s)

