#
# There is insufficient memory for the Java Runtime Environment to continue.
# Native memory allocation (malloc) failed to allocate 97072 bytes for Chunk::new
# Possible reasons:
#   The system is out of physical RAM or swap space
#   In 32 bit mode, the process size limit was hit
# Possible solutions:
#   Reduce memory load on the system
#   Increase physical memory or swap space
#   Check if swap backing store is full
#   Use 64 bit Java on a 64 bit OS
#   Decrease Java heap size (-Xmx/-Xms)
#   Decrease number of Java threads
#   Decrease Java thread stack sizes (-Xss)
#   Set larger code cache with -XX:ReservedCodeCacheSize=
# This output file may be truncated or incomplete.
#
#  Out of Memory Error (allocation.cpp:390), pid=16084, tid=27532
#
# JRE version: Java(TM) SE Runtime Environment (8.0_45-b15) (build 1.8.0_45-b15)
# Java VM: Java HotSpot(TM) 64-Bit Server VM (25.45-b02 mixed mode windows-amd64 compressed oops)
# Failed to write core dump. Minidumps are not enabled by default on client versions of Windows
#

---------------  T H R E A D  ---------------

Current thread (0x000000000681f000):  JavaThread "C2 CompilerThread2" daemon [_thread_in_native, id=27532, stack(0x00000000093d0000,0x00000000094d0000)]

Stack: [0x00000000093d0000,0x00000000094d0000]
[error occurred during error reporting (printing stack bounds), id 0xc0000005]

Native frames: (J=compiled Java code, j=interpreted, Vv=VM code, C=native code)
V  [jvm.dll+0x32b57a]
V  [jvm.dll+0x279873]
V  [jvm.dll+0x27a509]
V  [jvm.dll+0x2934e6]
V  [jvm.dll+0x297e0c]
V  [jvm.dll+0x5ca86f]
C  [msvcr100.dll+0x712e3]
V  [jvm.dll+0x5c9f6d]
C  [ntdll.dll+0x29d2d]
C  [ntdll.dll+0x191cf]
C  [ntdll.dll+0x51248]
V  [jvm.dll+0x21bcd1]


Current CompileTask:
C2:   1195 1109       4       com.android.dx.ssa.SCCP::simulateStmt (481 bytes)


---------------  P R O C E S S  ---------------

Java Threads: ( => current thread )
  0x000000000794a800 JavaThread "Service Thread" daemon [_thread_blocked, id=28192, stack(0x0000000009650000,0x0000000009750000)]
  0x00000000078d9000 JavaThread "C1 CompilerThread3" daemon [_thread_blocked, id=19400, stack(0x0000000009160000,0x0000000009260000)]
=>0x000000000681f000 JavaThread "C2 CompilerThread2" daemon [_thread_in_native, id=27532, stack(0x00000000093d0000,0x00000000094d0000)]
  0x000000000681b000 JavaThread "C2 CompilerThread1" daemon [_thread_blocked, id=5020, stack(0x0000000009260000,0x0000000009360000)]
  0x00000000078c3000 JavaThread "C2 CompilerThread0" daemon [_thread_blocked, id=14136, stack(0x0000000008f90000,0x0000000009090000)]
  0x00000000078bf800 JavaThread "Attach Listener" daemon [_thread_blocked, id=14216, stack(0x0000000008e10000,0x0000000008f10000)]
  0x00000000078d0000 JavaThread "Signal Dispatcher" daemon [_thread_blocked, id=13304, stack(0x0000000008c80000,0x0000000008d80000)]
  0x0000000006808800 JavaThread "Finalizer" daemon [_thread_blocked, id=11336, stack(0x00000000087c0000,0x00000000088c0000)]
  0x0000000006807800 JavaThread "Reference Handler" daemon [_thread_blocked, id=14688, stack(0x0000000008b20000,0x0000000008c20000)]
  0x0000000002518000 JavaThread "main" [_thread_in_Java, id=13204, stack(0x0000000002810000,0x0000000002910000)]

Other Threads:
  0x0000000007872800 VMThread [stack: 0x0000000008940000,0x0000000008a40000] [id=11856]
  0x0000000007961000 WatcherThread [stack: 0x0000000009890000,0x0000000009990000] [id=7612]

VM state:not at safepoint (normal execution)

VM Mutex/Monitor currently owned by a thread: None

Heap:
 PSYoungGen      total 76288K, used 31717K [0x00000000eab00000, 0x00000000f0000000, 0x0000000100000000)
  eden space 65536K, 48% used [0x00000000eab00000,0x00000000ec9f9638,0x00000000eeb00000)
  from space 10752K, 0% used [0x00000000ef580000,0x00000000ef580000,0x00000000f0000000)
  to   space 10752K, 0% used [0x00000000eeb00000,0x00000000eeb00000,0x00000000ef580000)
 ParOldGen       total 175104K, used 0K [0x00000000c0000000, 0x00000000cab00000, 0x00000000eab00000)
  object space 175104K, 0% used [0x00000000c0000000,0x00000000c0000000,0x00000000cab00000)
 Metaspace       used 6243K, capacity 7064K, committed 7424K, reserved 1056768K
  class space    used 637K, capacity 656K, committed 768K, reserved 1048576K

Card table byte_map: [0x0000000002cd0000,0x0000000002ee0000] byte_map_base: 0x00000000026d0000

Marking Bits: (ParMarkBitMap*) 0x0000000065104040
 Begin Bits: [0x0000000003c20000, 0x0000000004c20000)
 End Bits:   [0x0000000004c20000, 0x0000000005c20000)

Polling page: 0x0000000000260000

CodeCache: size=245760Kb used=4208Kb max_used=4208Kb free=241551Kb
 bounds [0x000000000f010000, 0x000000000f430000, 0x000000001e010000]
 total_blobs=1389 nmethods=1111 adapters=190
 compilation: disabled (not enough contiguous free space left)

Compilation events (10 events):
Event: 1.039 Thread 0x00000000078d9000 nmethod 1110 0x000000000f42bfd0 code [0x000000000f42c140, 0x000000000f42c328]
Event: 1.039 Thread 0x00000000078d9000 1104       1       com.android.dx.ssa.PhiInsn::getOpcode (2 bytes)
Event: 1.039 Thread 0x00000000078d9000 nmethod 1104 0x000000000f410c10 code [0x000000000f410d60, 0x000000000f410e70]
Event: 1.059 Thread 0x000000000681f000 1109       4       com.android.dx.ssa.SCCP::simulateStmt (481 bytes)
Event: 1.059 Thread 0x00000000078c3000 1113       4       com.android.dx.dex.code.CodeAddress::<init> (7 bytes)
Event: 1.060 Thread 0x00000000078c3000 nmethod 1113 0x000000000f42f090 code [0x000000000f42f1e0, 0x000000000f42f278]
Event: 1.078 Thread 0x00000000078d9000 1111       3       com.android.dx.ssa.SsaMethod::buildUseList (112 bytes)
Event: 1.080 Thread 0x00000000078d9000 nmethod 1111 0x000000000f42d090 code [0x000000000f42d320, 0x000000000f42e5f8]
Event: 1.080 Thread 0x00000000078d9000 1116       3       com.android.dx.ssa.DeadCodeRemover::run (194 bytes)
Event: 1.084 Thread 0x00000000078d9000 


GC Heap History (0 events):
No events

Deoptimization events (5 events):
Event: 0.590 Thread 0x0000000007a63000 Uncommon trap: reason=unstable_if action=reinterpret pc=0x000000000f1f8670 method=java.util.HashMap.getNode(ILjava/lang/Object;)Ljava/util/HashMap$Node; @ 62
Event: 0.662 Thread 0x0000000007a5e800 Uncommon trap: reason=unstable_if action=reinterpret pc=0x000000000f24f540 method=java.util.HashMap.getNode(ILjava/lang/Object;)Ljava/util/HashMap$Node; @ 129
Event: 0.711 Thread 0x0000000007a59000 Uncommon trap: reason=unstable_if action=reinterpret pc=0x000000000f201960 method=java.util.BitSet.nextSetBit(I)I @ 87
Event: 0.724 Thread 0x0000000007a5e800 Uncommon trap: reason=unstable_if action=reinterpret pc=0x000000000f226f98 method=java.util.HashMap.getNode(ILjava/lang/Object;)Ljava/util/HashMap$Node; @ 129
Event: 0.960 Thread 0x0000000007a63000 Uncommon trap: reason=unstable_if action=reinterpret pc=0x000000000f33b9ac method=com.android.dx.util.IntList.binarysearch(I)I @ 105

Internal exceptions (2 events):
Event: 0.053 Thread 0x0000000002518000 Exception <a 'java/lang/NoSuchMethodError': Method sun.misc.Unsafe.defineClass(Ljava/lang/String;[BII)Ljava/lang/Class; name or signature does not match> (0x00000000eab12f80) thrown at [C:\re\workspace\8-2-build-windows-amd64-cygwin\jdk8u45\3627\hotspot\sr¼QR”º%«?
Event: 0.053 Thread 0x0000000002518000 Exception <a 'java/lang/NoSuchMethodError': Method sun.misc.Unsafe.prefetchRead(Ljava/lang/Object;J)V name or signature does not match> (0x00000000eab13210) thrown at [C:\re\workspace\8-2-build-windows-amd64-cygwin\jdk8u45\3627\hotspot\src\share\vm\prims\j

Events (10 events):
Event: 1.081 loading class java/util/SortedSet
Event: 1.081 loading class java/util/SortedSet done
Event: 1.081 loading class java/util/NavigableSet done
Event: 1.081 loading class java/util/TreeMap$KeySet done
Event: 1.081 loading class java/util/TreeMap$KeyIterator
Event: 1.081 loading class java/util/TreeMap$KeyIterator done
Event: 1.082 loading class java/util/ComparableTimSort
Event: 1.082 loading class java/util/ComparableTimSort done
Event: 1.082 loading class com/android/dx/rop/cst/Zeroes
Event: 1.082 loading class com/android/dx/rop/cst/Zeroes done


Dynamic libraries:
0x000000013f4a0000 - 0x000000013f4d7000 	D:\ProgramFiles\Java8\jdk1.8.0_45\bin\java.exe
0x00000000776b0000 - 0x0000000077859000 	C:\Windows\SYSTEM32\ntdll.dll
0x0000000077590000 - 0x00000000776af000 	C:\Windows\system32\kernel32.dll
0x000007fefd7f0000 - 0x000007fefd85b000 	C:\Windows\system32\KERNELBASE.dll
0x000007fefdb60000 - 0x000007fefdc3b000 	C:\Windows\system32\ADVAPI32.dll
0x000007fefdcb0000 - 0x000007fefdd4f000 	C:\Windows\system32\msvcrt.dll
0x000007feff210000 - 0x000007feff22f000 	C:\Windows\SYSTEM32\sechost.dll
0x000007feff6b0000 - 0x000007feff7dd000 	C:\Windows\system32\RPCRT4.dll
0x0000000077490000 - 0x000000007758a000 	C:\Windows\system32\USER32.dll
0x000007feff520000 - 0x000007feff587000 	C:\Windows\system32\GDI32.dll
0x000007fefeff0000 - 0x000007fefeffe000 	C:\Windows\system32\LPK.dll
0x000007feff230000 - 0x000007feff2f9000 	C:\Windows\system32\USP10.dll
0x000007fefbf20000 - 0x000007fefc114000 	C:\Windows\WinSxS\amd64_microsoft.windows.common-controls_6595b64144ccf1df_6.0.7601.17514_none_fa396087175ac9ac\COMCTL32.dll
0x000007fefeae0000 - 0x000007fefeb51000 	C:\Windows\system32\SHLWAPI.dll
0x000007fefefc0000 - 0x000007fefefee000 	C:\Windows\system32\IMM32.DLL
0x000007feff5a0000 - 0x000007feff6a9000 	C:\Windows\system32\MSCTF.dll
0x000007fefd4a0000 - 0x000007fefd600000 	c:\progra~1\agnitum\outpos~1\wl_hoo~1.dll
0x000007fefdd50000 - 0x000007fefead8000 	C:\Windows\system32\SHELL32.dll
0x000007fefd3d0000 - 0x000007fefd3ff000 	c:\windows\system32\nvinitx.dll
0x000000000f000000 - 0x000000000f006000 	C:\Program Files\NVIDIA Corporation\CoProcManager\_etoured.dll
0x000007fefa950000 - 0x000007fefa9af000 	C:\Program Files\NVIDIA Corporation\CoProcManager\nvd3d9wrapx.dll
0x000007feff7e0000 - 0x000007feff9b7000 	C:\Windows\system32\SETUPAPI.dll
0x000007fefd7b0000 - 0x000007fefd7e6000 	C:\Windows\system32\CFGMGR32.dll
0x000007fefeee0000 - 0x000007fefefb7000 	C:\Windows\system32\OLEAUT32.dll
0x000007feff000000 - 0x000007feff203000 	C:\Windows\system32\ole32.dll
0x000007fefd6f0000 - 0x000007fefd70a000 	C:\Windows\system32\DEVOBJ.dll
0x000007fefa900000 - 0x000007fefa946000 	C:\Program Files\NVIDIA Corporation\CoProcManager\nvdxgiwrapx.dll
0x000000006ff00000 - 0x000000006ffd2000 	D:\ProgramFiles\Java8\jdk1.8.0_45\jre\bin\msvcr100.dll
0x0000000064900000 - 0x0000000065183000 	D:\ProgramFiles\Java8\jdk1.8.0_45\jre\bin\server\jvm.dll
0x000007fef7690000 - 0x000007fef7699000 	C:\Windows\system32\WSOCK32.dll
0x000007fefdc40000 - 0x000007fefdc8d000 	C:\Windows\system32\WS2_32.dll
0x000007feff590000 - 0x000007feff598000 	C:\Windows\system32\NSI.dll
0x000007fefb140000 - 0x000007fefb17b000 	C:\Windows\system32\WINMM.dll
0x000007fefc750000 - 0x000007fefc75c000 	C:\Windows\system32\VERSION.dll
0x0000000077880000 - 0x0000000077887000 	C:\Windows\system32\PSAPI.DLL
0x00000000707b0000 - 0x00000000707bf000 	D:\ProgramFiles\Java8\jdk1.8.0_45\jre\bin\verify.dll
0x0000000070530000 - 0x0000000070559000 	D:\ProgramFiles\Java8\jdk1.8.0_45\jre\bin\java.dll
0x000000006d910000 - 0x000000006d926000 	D:\ProgramFiles\Java8\jdk1.8.0_45\jre\bin\zip.dll
0x000007fefd600000 - 0x000007fefd60f000 	C:\Windows\system32\profapi.dll
0x000007feea020000 - 0x000007feea145000 	C:\Windows\system32\dbghelp.dll

VM Arguments:
jvm_args: -Djava.awt.headless=true -Xmx1024M -Dfile.encoding=windows-1251 -Duser.country=RU -Duser.language=ru -Duser.variant 
java_command: com.android.dx.command.Main --dex --num-threads=4 --output V:\_PROJECTS\WIUT\University\6BIS 2016-2017\BIS Project\megalosfood\android\app\build\intermediates\pre-dexed\debug\bolts-tasks-1.4.0_cc6688c54e9c130ec8894d8cbae9a7b88a9fbe6c.jar C:\Users\Bobur\.gradle\caches\modules-2\files-2.1\com.parse.bolts\bolts-tasks\1.4.0\d85884acf6810a3bbbecb587f239005cbc846dc4\bolts-tasks-1.4.0.jar
java_class_path (initial): D:\AndroidSDK\adt-bundle-windows-x86_64-20140321\sdk\build-tools\23.0.1\lib\dx.jar
Launcher Type: SUN_STANDARD

Environment Variables:
JAVA_HOME=D:\ProgramFiles\Java8\jdk1.8.0_45
CLASSPATH=V:\_PROJECTS\WIUT\University\6BIS 2016-2017\BIS Project\megalosfood\android\\gradle\wrapper\gradle-wrapper.jar
PATH=D:\ProgramFiles\Python2.7;C:\Users\Bobur\AppData\Roaming\npm\node_modules;D:\Sync\_Development\Links;W:\_Development\Links;W:\_Development\Scripts;C:\ProgramData\Oracle\Java\javapath;C:\Program Files (x86)\Intel\iCLS Client\;C:\Program Files\Intel\iCLS Client\;C:\Program Files (x86)\NVIDIA Corporation\PhysX\Common;C:\Windows\system32;C:\Windows;C:\Windows\System32\Wbem;C:\Windows\System32\WindowsPowerShell\v1.0\;C:\Program Files\Intel\WiFi\bin\;C:\Program Files\Common Files\Intel\WirelessCommon\;C:\Program Files\Intel\Intel(R) Management Engine Components\DAL;C:\Program Files\Intel\Intel(R) Management Engine Components\IPT;C:\Program Files (x86)\Intel\Intel(R) Management Engine Components\DAL;C:\Program Files (x86)\Intel\Intel(R) Management Engine Components\IPT;%USERPROFILE%\.dnx\bin;C:\Program Files\Microsoft DNX\Dnvm\;C:\Program Files (x86)\Common Files\lenovo\easyplussdk\bin;C:\Program Files\Microsoft SQL Server\Client SDK\ODBC\110\Tools\Binn\;C:\Program Files (x86)\Microsoft SQL Server\120\Tools\Binn\;C:\Program Files\Microsoft SQL Server\120\Tools\Binn\;C:\Program Files\Microsoft SQL Server\120\DTS\Binn\;C:\Program Files (x86)\Microsoft SQL Server\110\Tools\Binn\;C:\Program Files\Microsoft SQL Server\110\Tools\Binn\;C:\Program Files\Microsoft SQL Server\110\DTS\Binn\;C:\Program Files (x86)\Microsoft SQL Server\110\Tools\Binn\ManagementStudio\;C:\Program Files (x86)\Microsoft Visual Studio 10.0\Common7\IDE\PrivateAssemblies\;C:\Program Files (x86)\Microsoft SQL Server\110\DTS\Binn\;D:\ProgramFiles\Java8\jdk1.8.0_45\bin;D:\ProgramFiles\Heroku\bin;C:\Program Files (x86)\git\cmd;D:\ProgramFiles\NodeJS\;D:\AndroidSDK\adt-bundle-windows-x86_64-20140321\sdk\platform-tools;C:\Program Files\Intel\WiFi\bin\;C:\Program Files\Common Files\Intel\WirelessCommon\;C:\Users\Bobur\AppData\Roaming\npm
USERNAME=Bobur
OS=Windows_NT
PROCESSOR_IDENTIFIER=Intel64 Family 6 Model 60 Stepping 3, GenuineIntel



---------------  S Y S T E M  ---------------

OS: Windows 7 , 64 bit Build 7601 (6.1.7601.18015)

CPU:total 8 (4 cores per cpu, 2 threads per core) family 6 model 60 stepping 3, cmov, cx8, fxsr, mmx, sse, sse2, sse3, ssse3, sse4.1, sse4.2, popcnt, avx, avx2, aes, clmul, erms, lzcnt, ht, tsc, tscinvbit, bmi1, bmi2

Memory: 4k page, physical 16691568k(3424380k free), swap 17738280k(858476k free)

vm_info: Java HotSpot(TM) 64-Bit Server VM (25.45-b02) for windows-amd64 JRE (1.8.0_45-b15), built on Apr 30 2015 12:40:44 by "java_re" with MS VC++ 10.0 (VS2010)

time: Sat Apr 15 12:20:40 2017
elapsed time: 1 seconds (0d 0h 0m 1s)

